{"/Users/jeffburns/Projects/cuchumbo/api/lib/cuchumbo.js": {"path":"/Users/jeffburns/Projects/cuchumbo/api/lib/cuchumbo.js","statementMap":{"0":{"start":{"line":1,"column":17},"end":{"line":1,"column":38}},"1":{"start":{"line":3,"column":25},"end":{"line":3,"column":26}},"2":{"start":{"line":5,"column":26},"end":{"line":19,"column":1}},"3":{"start":{"line":6,"column":2},"end":{"line":6,"column":115}},"4":{"start":{"line":6,"column":46},"end":{"line":6,"column":115}},"5":{"start":{"line":8,"column":32},"end":{"line":8,"column":73}},"6":{"start":{"line":9,"column":30},"end":{"line":9,"column":78}},"7":{"start":{"line":10,"column":37},"end":{"line":10,"column":103}},"8":{"start":{"line":10,"column":84},"end":{"line":10,"column":101}},"9":{"start":{"line":11,"column":24},"end":{"line":11,"column":100}},"10":{"start":{"line":13,"column":2},"end":{"line":13,"column":104}},"11":{"start":{"line":13,"column":32},"end":{"line":13,"column":104}},"12":{"start":{"line":15,"column":25},"end":{"line":15,"column":68}},"13":{"start":{"line":16,"column":15},"end":{"line":16,"column":55}},"14":{"start":{"line":18,"column":2},"end":{"line":18,"column":53}},"15":{"start":{"line":21,"column":36},"end":{"line":29,"column":1}},"16":{"start":{"line":22,"column":2},"end":{"line":28,"column":5}},"17":{"start":{"line":23,"column":4},"end":{"line":27,"column":5}},"18":{"start":{"line":31,"column":34},"end":{"line":33,"column":1}},"19":{"start":{"line":32,"column":2},"end":{"line":32,"column":55}},"20":{"start":{"line":35,"column":30},"end":{"line":40,"column":1}},"21":{"start":{"line":36,"column":2},"end":{"line":36,"column":54}},"22":{"start":{"line":36,"column":45},"end":{"line":36,"column":54}},"23":{"start":{"line":37,"column":2},"end":{"line":37,"column":55}},"24":{"start":{"line":37,"column":45},"end":{"line":37,"column":55}},"25":{"start":{"line":39,"column":2},"end":{"line":39,"column":40}},"26":{"start":{"line":42,"column":29},"end":{"line":51,"column":1}},"27":{"start":{"line":43,"column":2},"end":{"line":50,"column":4}},"28":{"start":{"line":45,"column":6},"end":{"line":48,"column":7}},"29":{"start":{"line":53,"column":23},"end":{"line":57,"column":1}},"30":{"start":{"line":54,"column":15},"end":{"line":54,"column":53}},"31":{"start":{"line":56,"column":2},"end":{"line":56,"column":34}},"32":{"start":{"line":59,"column":30},"end":{"line":68,"column":1}},"33":{"start":{"line":60,"column":2},"end":{"line":67,"column":5}},"34":{"start":{"line":61,"column":4},"end":{"line":66,"column":6}},"35":{"start":{"line":71,"column":36},"end":{"line":73,"column":1}},"36":{"start":{"line":72,"column":2},"end":{"line":72,"column":100}},"37":{"start":{"line":75,"column":23},"end":{"line":105,"column":1}},"38":{"start":{"line":76,"column":22},"end":{"line":76,"column":47}},"39":{"start":{"line":77,"column":26},"end":{"line":77,"column":100}},"40":{"start":{"line":78,"column":20},"end":{"line":78,"column":31}},"41":{"start":{"line":80,"column":2},"end":{"line":80,"column":53}},"42":{"start":{"line":80,"column":34},"end":{"line":80,"column":53}},"43":{"start":{"line":82,"column":2},"end":{"line":90,"column":3}},"44":{"start":{"line":83,"column":23},"end":{"line":83,"column":46}},"45":{"start":{"line":85,"column":4},"end":{"line":85,"column":51}},"46":{"start":{"line":87,"column":4},"end":{"line":87,"column":55}},"47":{"start":{"line":89,"column":4},"end":{"line":89,"column":23}},"48":{"start":{"line":92,"column":2},"end":{"line":102,"column":5}},"49":{"start":{"line":93,"column":29},"end":{"line":93,"column":49}},"50":{"start":{"line":94,"column":39},"end":{"line":94,"column":74}},"51":{"start":{"line":96,"column":4},"end":{"line":96,"column":54}},"52":{"start":{"line":97,"column":4},"end":{"line":97,"column":48}},"53":{"start":{"line":99,"column":23},"end":{"line":99,"column":113}},"54":{"start":{"line":101,"column":4},"end":{"line":101,"column":61}},"55":{"start":{"line":104,"column":2},"end":{"line":104,"column":21}},"56":{"start":{"line":107,"column":29},"end":{"line":111,"column":1}},"57":{"start":{"line":108,"column":2},"end":{"line":110,"column":4}},"58":{"start":{"line":113,"column":0},"end":{"line":120,"column":2}}},"fnMap":{"0":{"name":"(anonymous_0)","decl":{"start":{"line":5,"column":26},"end":{"line":5,"column":27}},"loc":{"start":{"line":5,"column":55},"end":{"line":19,"column":1}},"line":5},"1":{"name":"(anonymous_1)","decl":{"start":{"line":10,"column":69},"end":{"line":10,"column":70}},"loc":{"start":{"line":10,"column":84},"end":{"line":10,"column":101}},"line":10},"2":{"name":"(anonymous_2)","decl":{"start":{"line":21,"column":36},"end":{"line":21,"column":37}},"loc":{"start":{"line":21,"column":54},"end":{"line":29,"column":1}},"line":21},"3":{"name":"(anonymous_3)","decl":{"start":{"line":22,"column":26},"end":{"line":22,"column":27}},"loc":{"start":{"line":22,"column":43},"end":{"line":28,"column":3}},"line":22},"4":{"name":"(anonymous_4)","decl":{"start":{"line":31,"column":34},"end":{"line":31,"column":35}},"loc":{"start":{"line":31,"column":52},"end":{"line":33,"column":1}},"line":31},"5":{"name":"(anonymous_5)","decl":{"start":{"line":35,"column":30},"end":{"line":35,"column":31}},"loc":{"start":{"line":35,"column":40},"end":{"line":40,"column":1}},"line":35},"6":{"name":"(anonymous_6)","decl":{"start":{"line":42,"column":29},"end":{"line":42,"column":30}},"loc":{"start":{"line":42,"column":47},"end":{"line":51,"column":1}},"line":42},"7":{"name":"(anonymous_7)","decl":{"start":{"line":44,"column":21},"end":{"line":44,"column":22}},"loc":{"start":{"line":44,"column":38},"end":{"line":49,"column":5}},"line":44},"8":{"name":"(anonymous_8)","decl":{"start":{"line":53,"column":23},"end":{"line":53,"column":24}},"loc":{"start":{"line":53,"column":47},"end":{"line":57,"column":1}},"line":53},"9":{"name":"(anonymous_9)","decl":{"start":{"line":59,"column":30},"end":{"line":59,"column":31}},"loc":{"start":{"line":59,"column":56},"end":{"line":68,"column":1}},"line":59},"10":{"name":"(anonymous_10)","decl":{"start":{"line":60,"column":30},"end":{"line":60,"column":31}},"loc":{"start":{"line":60,"column":57},"end":{"line":67,"column":3}},"line":60},"11":{"name":"(anonymous_11)","decl":{"start":{"line":71,"column":36},"end":{"line":71,"column":37}},"loc":{"start":{"line":71,"column":89},"end":{"line":73,"column":1}},"line":71},"12":{"name":"(anonymous_12)","decl":{"start":{"line":75,"column":23},"end":{"line":75,"column":24}},"loc":{"start":{"line":75,"column":89},"end":{"line":105,"column":1}},"line":75},"13":{"name":"(anonymous_13)","decl":{"start":{"line":92,"column":26},"end":{"line":92,"column":27}},"loc":{"start":{"line":92,"column":38},"end":{"line":102,"column":3}},"line":92},"14":{"name":"(anonymous_14)","decl":{"start":{"line":107,"column":29},"end":{"line":107,"column":30}},"loc":{"start":{"line":107,"column":46},"end":{"line":111,"column":1}},"line":107}},"branchMap":{"0":{"loc":{"start":{"line":6,"column":2},"end":{"line":6,"column":115}},"type":"if","locations":[{"start":{"line":6,"column":2},"end":{"line":6,"column":115}},{"start":{"line":6,"column":2},"end":{"line":6,"column":115}}],"line":6},"1":{"loc":{"start":{"line":13,"column":2},"end":{"line":13,"column":104}},"type":"if","locations":[{"start":{"line":13,"column":2},"end":{"line":13,"column":104}},{"start":{"line":13,"column":2},"end":{"line":13,"column":104}}],"line":13},"2":{"loc":{"start":{"line":36,"column":2},"end":{"line":36,"column":54}},"type":"if","locations":[{"start":{"line":36,"column":2},"end":{"line":36,"column":54}},{"start":{"line":36,"column":2},"end":{"line":36,"column":54}}],"line":36},"3":{"loc":{"start":{"line":37,"column":2},"end":{"line":37,"column":55}},"type":"if","locations":[{"start":{"line":37,"column":2},"end":{"line":37,"column":55}},{"start":{"line":37,"column":2},"end":{"line":37,"column":55}}],"line":37},"4":{"loc":{"start":{"line":80,"column":2},"end":{"line":80,"column":53}},"type":"if","locations":[{"start":{"line":80,"column":2},"end":{"line":80,"column":53}},{"start":{"line":80,"column":2},"end":{"line":80,"column":53}}],"line":80},"5":{"loc":{"start":{"line":82,"column":2},"end":{"line":90,"column":3}},"type":"if","locations":[{"start":{"line":82,"column":2},"end":{"line":90,"column":3}},{"start":{"line":82,"column":2},"end":{"line":90,"column":3}}],"line":82}},"s":{"0":1,"1":1,"2":1,"3":11,"4":1,"5":10,"6":10,"7":10,"8":45,"9":10,"10":10,"11":1,"12":9,"13":9,"14":9,"15":1,"16":13,"17":57,"18":1,"19":12,"20":1,"21":61,"22":19,"23":42,"24":23,"25":19,"26":1,"27":11,"28":49,"29":1,"30":9,"31":9,"32":1,"33":10,"34":45,"35":1,"36":11,"37":1,"38":272419,"39":272419,"40":272419,"41":272419,"42":14836,"43":257583,"44":133523,"45":133523,"46":133523,"47":133523,"48":124060,"49":272408,"50":272408,"51":272408,"52":272408,"53":272408,"54":272408,"55":124060,"56":1,"57":133523,"58":1},"f":{"0":11,"1":45,"2":13,"3":57,"4":12,"5":61,"6":11,"7":49,"8":9,"9":10,"10":45,"11":11,"12":272419,"13":272408,"14":133523},"b":{"0":[1,10],"1":[1,9],"2":[19,42],"3":[23,19],"4":[14836,257583],"5":[133523,124060]},"_coverageSchema":"1a1c01bbd47fc00a2c39e90264f33305004495a9","hash":"479bdeb072c18b1d828e1bb7fcc85eb73416a94c"}
,"/Users/jeffburns/Projects/cuchumbo/api/lib/setUtils.js": {"path":"/Users/jeffburns/Projects/cuchumbo/api/lib/setUtils.js","statementMap":{"0":{"start":{"line":1,"column":23},"end":{"line":3,"column":1}},"1":{"start":{"line":2,"column":2},"end":{"line":2,"column":58}},"2":{"start":{"line":2,"column":41},"end":{"line":2,"column":55}},"3":{"start":{"line":5,"column":18},"end":{"line":11,"column":1}},"4":{"start":{"line":6,"column":16},"end":{"line":6,"column":27}},"5":{"start":{"line":8,"column":2},"end":{"line":8,"column":38}},"6":{"start":{"line":8,"column":21},"end":{"line":8,"column":36}},"7":{"start":{"line":10,"column":2},"end":{"line":10,"column":15}},"8":{"start":{"line":13,"column":0},"end":{"line":16,"column":1}}},"fnMap":{"0":{"name":"(anonymous_0)","decl":{"start":{"line":1,"column":23},"end":{"line":1,"column":24}},"loc":{"start":{"line":1,"column":35},"end":{"line":3,"column":1}},"line":1},"1":{"name":"(anonymous_1)","decl":{"start":{"line":2,"column":32},"end":{"line":2,"column":33}},"loc":{"start":{"line":2,"column":41},"end":{"line":2,"column":55}},"line":2},"2":{"name":"(anonymous_2)","decl":{"start":{"line":5,"column":18},"end":{"line":5,"column":19}},"loc":{"start":{"line":5,"column":30},"end":{"line":11,"column":1}},"line":5},"3":{"name":"(anonymous_3)","decl":{"start":{"line":8,"column":13},"end":{"line":8,"column":14}},"loc":{"start":{"line":8,"column":21},"end":{"line":8,"column":36}},"line":8}},"branchMap":{},"s":{"0":2,"1":272423,"2":451738,"3":2,"4":272409,"5":272409,"6":1068051,"7":272409,"8":2},"f":{"0":272423,"1":451738,"2":272409,"3":1068051},"b":{},"_coverageSchema":"1a1c01bbd47fc00a2c39e90264f33305004495a9","hash":"07e060bc2f3229f1bed3e4a36bf34b17da0f9472"}
}
