TN:
SF:lib/cuchumbo.js
FN:5,(anonymous_0)
FN:10,(anonymous_1)
FN:21,(anonymous_2)
FN:22,(anonymous_3)
FN:31,(anonymous_4)
FN:35,(anonymous_5)
FN:42,(anonymous_6)
FN:44,(anonymous_7)
FN:53,(anonymous_8)
FN:59,(anonymous_9)
FN:60,(anonymous_10)
FN:71,(anonymous_11)
FN:75,(anonymous_12)
FN:92,(anonymous_13)
FN:107,(anonymous_14)
FNF:15
FNH:15
FNDA:11,(anonymous_0)
FNDA:45,(anonymous_1)
FNDA:13,(anonymous_2)
FNDA:57,(anonymous_3)
FNDA:12,(anonymous_4)
FNDA:61,(anonymous_5)
FNDA:11,(anonymous_6)
FNDA:49,(anonymous_7)
FNDA:9,(anonymous_8)
FNDA:10,(anonymous_9)
FNDA:45,(anonymous_10)
FNDA:11,(anonymous_11)
FNDA:272419,(anonymous_12)
FNDA:272408,(anonymous_13)
FNDA:133523,(anonymous_14)
DA:1,1
DA:3,1
DA:5,1
DA:6,11
DA:8,10
DA:9,10
DA:10,45
DA:11,10
DA:13,10
DA:15,9
DA:16,9
DA:18,9
DA:21,1
DA:22,13
DA:23,57
DA:31,1
DA:32,12
DA:35,1
DA:36,61
DA:37,42
DA:39,19
DA:42,1
DA:43,11
DA:45,49
DA:53,1
DA:54,9
DA:56,9
DA:59,1
DA:60,10
DA:61,45
DA:71,1
DA:72,11
DA:75,1
DA:76,272419
DA:77,272419
DA:78,272419
DA:80,272419
DA:82,257583
DA:83,133523
DA:85,133523
DA:87,133523
DA:89,133523
DA:92,124060
DA:93,272408
DA:94,272408
DA:96,272408
DA:97,272408
DA:99,272408
DA:101,272408
DA:104,124060
DA:107,1
DA:108,133523
DA:113,1
LF:53
LH:53
BRDA:6,0,0,1
BRDA:6,0,1,10
BRDA:13,1,0,1
BRDA:13,1,1,9
BRDA:36,2,0,19
BRDA:36,2,1,42
BRDA:37,3,0,23
BRDA:37,3,1,19
BRDA:80,4,0,14836
BRDA:80,4,1,257583
BRDA:82,5,0,133523
BRDA:82,5,1,124060
BRF:12
BRH:12
end_of_record
TN:
SF:lib/setUtils.js
FN:1,(anonymous_0)
FN:2,(anonymous_1)
FN:5,(anonymous_2)
FN:8,(anonymous_3)
FNF:4
FNH:4
FNDA:272423,(anonymous_0)
FNDA:451738,(anonymous_1)
FNDA:272409,(anonymous_2)
FNDA:1068051,(anonymous_3)
DA:1,2
DA:2,451738
DA:5,2
DA:6,272409
DA:8,1068051
DA:10,272409
DA:13,2
LF:7
LH:7
BRF:0
BRH:0
end_of_record
